Hotel-Dashboard läuft auf Port 3000
ROOT      : /home/steven/hotel_dashboard
publicDir : /home/steven/hotel_dashboard/public
users.json: /home/steven/hotel_dashboard/data/users.json
tokens    : /home/steven/hotel_dashboard/data/auth/reset.db.json
audit log : /home/steven/hotel_dashboard/data/auth/reset_audit.log
session idle(ms): 300000
TypeError: Cannot read properties of undefined (reading 'username')
    at /home/steven/hotel_dashboard/server.js:232:29
    at Layer.handleRequest (/home/steven/hotel_dashboard/node_modules/router/lib/layer.js:152:17)
    at next (/home/steven/hotel_dashboard/node_modules/router/lib/route.js:157:13)
    at Route.dispatch (/home/steven/hotel_dashboard/node_modules/router/lib/route.js:117:3)
    at handle (/home/steven/hotel_dashboard/node_modules/router/index.js:435:11)
    at Layer.handleRequest (/home/steven/hotel_dashboard/node_modules/router/lib/layer.js:152:17)
    at /home/steven/hotel_dashboard/node_modules/router/index.js:295:15
    at processParams (/home/steven/hotel_dashboard/node_modules/router/index.js:582:12)
    at next (/home/steven/hotel_dashboard/node_modules/router/index.js:291:5)
    at /home/steven/hotel_dashboard/server.js:135:40
TypeError: Cannot read properties of undefined (reading 'username')
    at /home/steven/hotel_dashboard/server.js:232:29
    at Layer.handleRequest (/home/steven/hotel_dashboard/node_modules/router/lib/layer.js:152:17)
    at next (/home/steven/hotel_dashboard/node_modules/router/lib/route.js:157:13)
    at Route.dispatch (/home/steven/hotel_dashboard/node_modules/router/lib/route.js:117:3)
    at handle (/home/steven/hotel_dashboard/node_modules/router/index.js:435:11)
    at Layer.handleRequest (/home/steven/hotel_dashboard/node_modules/router/lib/layer.js:152:17)
    at /home/steven/hotel_dashboard/node_modules/router/index.js:295:15
    at processParams (/home/steven/hotel_dashboard/node_modules/router/index.js:582:12)
    at next (/home/steven/hotel_dashboard/node_modules/router/index.js:291:5)
    at /home/steven/hotel_dashboard/server.js:135:40
